<?xml version="1.0" encoding="UTF-8"?>
<!-- Generated by org.testng.reporters.JUnitXMLReporter -->
<testsuite ignored="0" hostname="ram" failures="0" tests="4" name="Default test" time="0.036" errors="0" timestamp="2022-06-18T14:03:15 BST">
  <testcase classname="sunny.SanityTesting" name="TestBuildCheckOne" time="0.006"/>
  <testcase classname="sunny.SanityTesting" name="TestBuildCheckfour" time="0.001"/>
  <testcase classname="sunny.SanityTesting" name="TestBuildCheckthree" time="0.001"/>
  <testcase classname="sunny.SanityTesting" name="TestBuildChecktwo" time="0.0"/>
</testsuite> <!-- Default test -->
