<?xml version="1.0" encoding="UTF-8"?>
<testng-results ignored="0" total="8" passed="7" failed="1" skipped="0">
  <reporter-output>
  </reporter-output>
  <suite started-at="2022-07-04T17:38:07 BST" name="Suite" finished-at="2022-07-04T17:38:07 BST" duration-ms="145">
    <groups>
    </groups>
    <test started-at="2022-07-04T17:38:07 BST" name="Test" finished-at="2022-07-04T17:38:07 BST" duration-ms="145">
      <class name="sunny.SmokeTest">
        <test-method signature="SmokeCheckOne()[pri:0, instance:sunny.SmokeTest@6e9c413e]" started-at="2022-07-04T17:38:07 BST" name="SmokeCheckOne" finished-at="2022-07-04T17:38:07 BST" duration-ms="4" status="PASS">
          <reporter-output>
          </reporter-output>
        </test-method> <!-- SmokeCheckOne -->
        <test-method signature="SmokeChecktwo()[pri:0, instance:sunny.SmokeTest@6e9c413e]" started-at="2022-07-04T17:38:07 BST" name="SmokeChecktwo" finished-at="2022-07-04T17:38:07 BST" duration-ms="2" status="PASS">
          <reporter-output>
          </reporter-output>
        </test-method> <!-- SmokeChecktwo -->
      </class> <!-- sunny.SmokeTest -->
      <class name="sunny.SanityTesting">
        <test-method signature="TestBuildCheckOne()[pri:0, instance:sunny.SanityTesting@28a2a3e7]" started-at="2022-07-04T17:38:07 BST" name="TestBuildCheckOne" finished-at="2022-07-04T17:38:07 BST" duration-ms="18" status="PASS">
          <reporter-output>
          </reporter-output>
        </test-method> <!-- TestBuildCheckOne -->
        <test-method signature="TestBuildCheckfour()[pri:0, instance:sunny.SanityTesting@28a2a3e7]" started-at="2022-07-04T17:38:07 BST" name="TestBuildCheckfour" finished-at="2022-07-04T17:38:07 BST" duration-ms="1" status="PASS">
          <reporter-output>
          </reporter-output>
        </test-method> <!-- TestBuildCheckfour -->
        <test-method signature="TestBuildCheckthree()[pri:0, instance:sunny.SanityTesting@28a2a3e7]" started-at="2022-07-04T17:38:07 BST" name="TestBuildCheckthree" finished-at="2022-07-04T17:38:07 BST" duration-ms="2" status="PASS">
          <reporter-output>
          </reporter-output>
        </test-method> <!-- TestBuildCheckthree -->
        <test-method signature="TestBuildChecktwo()[pri:0, instance:sunny.SanityTesting@28a2a3e7]" started-at="2022-07-04T17:38:07 BST" name="TestBuildChecktwo" finished-at="2022-07-04T17:38:07 BST" duration-ms="2" status="PASS">
          <reporter-output>
          </reporter-output>
        </test-method> <!-- TestBuildChecktwo -->
      </class> <!-- sunny.SanityTesting -->
      <class name="sunny.Regression">
        <test-method signature="TestDummy()[pri:0, instance:sunny.Regression@3301500b]" started-at="2022-07-04T17:38:07 BST" name="TestDummy" finished-at="2022-07-04T17:38:07 BST" duration-ms="3" status="PASS">
          <reporter-output>
          </reporter-output>
        </test-method> <!-- TestDummy -->
        <test-method signature="testOne()[pri:0, instance:sunny.Regression@3301500b]" started-at="2022-07-04T17:38:07 BST" name="testOne" finished-at="2022-07-04T17:38:07 BST" duration-ms="2" status="FAIL">
          <exception class="java.lang.NullPointerException">
            <message>
              <![CDATA[Cannot invoke "org.openqa.selenium.WebDriver.get(String)" because "sunny.launch.driver" is null]]>
            </message>
            <full-stacktrace>
              <![CDATA[java.lang.NullPointerException: Cannot invoke "org.openqa.selenium.WebDriver.get(String)" because "sunny.launch.driver" is null
at sunny.launch.fnNavigatetourl(launch.java:21)
at sunny.Regression.testOne(Regression.java:19)
at java.base/jdk.internal.reflect.NativeMethodAccessorImpl.invoke0(Native Method)
at java.base/jdk.internal.reflect.NativeMethodAccessorImpl.invoke(NativeMethodAccessorImpl.java:77)
at java.base/jdk.internal.reflect.DelegatingMethodAccessorImpl.invoke(DelegatingMethodAccessorImpl.java:43)
at java.base/java.lang.reflect.Method.invoke(Method.java:568)
at org.testng.internal.MethodInvocationHelper.invokeMethod(MethodInvocationHelper.java:133)
at org.testng.internal.TestInvoker.invokeMethod(TestInvoker.java:598)
at org.testng.internal.TestInvoker.invokeTestMethod(TestInvoker.java:173)
at org.testng.internal.MethodRunner.runInSequence(MethodRunner.java:46)
at org.testng.internal.TestInvoker$MethodInvocationAgent.invoke(TestInvoker.java:824)
at org.testng.internal.TestInvoker.invokeTestMethods(TestInvoker.java:146)
at org.testng.internal.TestMethodWorker.invokeTestMethods(TestMethodWorker.java:146)
at org.testng.internal.TestMethodWorker.run(TestMethodWorker.java:128)
at java.base/java.util.ArrayList.forEach(ArrayList.java:1511)
at org.testng.TestRunner.privateRun(TestRunner.java:794)
at org.testng.TestRunner.run(TestRunner.java:596)
at org.testng.SuiteRunner.runTest(SuiteRunner.java:377)
at org.testng.SuiteRunner.runSequentially(SuiteRunner.java:371)
at org.testng.SuiteRunner.privateRun(SuiteRunner.java:332)
at org.testng.SuiteRunner.run(SuiteRunner.java:276)
at org.testng.SuiteRunnerWorker.runSuite(SuiteRunnerWorker.java:53)
at org.testng.SuiteRunnerWorker.run(SuiteRunnerWorker.java:96)
at org.testng.TestNG.runSuitesSequentially(TestNG.java:1212)
at org.testng.TestNG.runSuitesLocally(TestNG.java:1134)
at org.testng.TestNG.runSuites(TestNG.java:1063)
at org.testng.TestNG.run(TestNG.java:1031)
at org.testng.remote.AbstractRemoteTestNG.run(AbstractRemoteTestNG.java:115)
at org.testng.remote.RemoteTestNG.initAndRun(RemoteTestNG.java:251)
at org.testng.remote.RemoteTestNG.main(RemoteTestNG.java:77)
]]>
            </full-stacktrace>
          </exception> <!-- java.lang.NullPointerException -->
          <reporter-output>
          </reporter-output>
        </test-method> <!-- testOne -->
      </class> <!-- sunny.Regression -->
    </test> <!-- Test -->
  </suite> <!-- Suite -->
</testng-results>
